<?xml version="1.0" encoding="UTF-8"?>
<testsuite xmlns:xsi="http://www.w3.org/2001/XMLSchema-instance" xsi:noNamespaceSchemaLocation="https://maven.apache.org/surefire/maven-surefire-plugin/xsd/surefire-test-report-3.0.xsd" version="3.0" name="org.openjfx.AccountTest" time="1.699" tests="9" errors="0" skipped="0" failures="0">
  <properties>
[...]
</properties>
  <testcase name="testApproveAccount" classname="org.openjfx.AccountTest" time="0">
    <system-out><![CDATA[
testSetUp()

]]></system-out>
  </testcase>
  <testcase name="testValidateAccount" classname="org.openjfx.AccountTest" time="0"/>
  <testcase name="testToString" classname="org.openjfx.AccountTest" time="0">
    <system-out><![CDATA[
testToString()

]]></system-out>
  </testcase>
  <testcase name="testGetAccount" classname="org.openjfx.AccountTest" time="0">
    <system-out><![CDATA[
testGetAccount()

]]></system-out>
  </testcase>
  <testcase name="testDataApproval" classname="org.openjfx.AccountTest" time="1.694">
    <system-out><![CDATA[
testDataApproval()

DONE
]]></system-out>
    <system-err><![CDATA[Nov 30, 2023 10:51:32 PM javax.mail.Session loadResource
WARNING: expected resource not found: /META-INF/javamail.default.address.map
]]></system-err>
  </testcase>
  <testcase name="testSaveAccountToDatabase" classname="org.openjfx.AccountTest" time="0"/>
  <testcase name="testDataReview" classname="org.openjfx.AccountTest" time="0">
    <system-out><![CDATA[
testDataReview()

APPROVAL
]]></system-out>
  </testcase>
  <testcase name="testGetStatus" classname="org.openjfx.AccountTest" time="0">
    <system-out><![CDATA[
testGetStatus()

]]></system-out>
  </testcase>
  <testcase name="testSearchAccount" classname="org.openjfx.AccountTest" time="0.001">
    <system-out><![CDATA[
testSearchAccount()

]]></system-out>
  </testcase>
</testsuite>