<?xml version="1.0" encoding="UTF-8"?>
<testsuite xmlns:xsi="http://www.w3.org/2001/XMLSchema-instance" xsi:noNamespaceSchemaLocation="https://maven.apache.org/surefire/maven-surefire-plugin/xsd/surefire-test-report-3.0.xsd" version="3.0" name="org.openjfx.AccountTest" time="2.483" tests="9" errors="0" skipped="0" failures="0">
  <properties>
[...]
</properties>
  <testcase name="testApproveAccount" classname="org.openjfx.AccountTest" time="0"/>
  <testcase name="testValidateAccount" classname="org.openjfx.AccountTest" time="0"/>
  <testcase name="testToString" classname="org.openjfx.AccountTest" time="0.031"/>
  <testcase name="testGetAccount" classname="org.openjfx.AccountTest" time="0.004"/>
  <testcase name="testDataApproval" classname="org.openjfx.AccountTest" time="2.438">
    <system-out><![CDATA[In dataApprove

1: Go check your email stupid.
2: Go check your email stupid.
3: Go check your email stupid.
Go check your email stupid.
In dataApprove

1: Go check your email stupid.
2: Go check your email stupid.
3: Go check your email stupid.
Go check your email stupid.
]]></system-out>
    <system-err><![CDATA[Nov 30, 2023 12:38:41 AM javax.mail.Session loadResource
WARNING: expected resource not found: /META-INF/javamail.default.address.map
Nov 30, 2023 12:38:42 AM javax.mail.Session loadResource
WARNING: expected resource not found: /META-INF/javamail.default.address.map
]]></system-err>
  </testcase>
  <testcase name="testSaveAccountToDatabase" classname="org.openjfx.AccountTest" time="0"/>
  <testcase name="testDataReview" classname="org.openjfx.AccountTest" time="0"/>
  <testcase name="testGetStatus" classname="org.openjfx.AccountTest" time="0"/>
  <testcase name="testSearchAccount" classname="org.openjfx.AccountTest" time="0.003"/>
</testsuite>